\BOOKMARK [1][-]{section.1}{\376\377\000I\000n\000t\000r\000o\000d\000u\000c\000t\000i\000o\000n}{}% 1
\BOOKMARK [2][-]{subsection.6}{\376\377\000P\000o\000s\000i\000t\000i\000o\000n\000i\000n\000g\000\040\000i\000n\000\040\000t\000h\000e\000\040\000l\000i\000t\000e\000r\000a\000t\000u\000r\000e}{section.1}% 2
\BOOKMARK [2][-]{subsection.7}{\376\377\000O\000r\000g\000a\000n\000i\000z\000a\000t\000i\000o\000n\000\040\000o\000f\000\040\000t\000h\000e\000\040\000p\000a\000p\000e\000r}{section.1}% 3
\BOOKMARK [1][-]{section.8}{\376\377\000O\000p\000e\000r\000a\000t\000o\000r\000\040\000M\000o\000d\000e\000l\000\040\000a\000n\000d\000\040\000C\000a\000n\000o\000n\000i\000c\000a\000l\000\040\000N\000o\000r\000m\000a\000l\000i\000z\000a\000t\000i\000o\000n}{}% 4
\BOOKMARK [2][-]{subsection.9}{\376\377\000R\000a\000n\000k\000-\000O\000n\000e\000\040\000T\000r\000i\000a\000n\000g\000u\000l\000a\000r\000\040\000B\000l\000o\000c\000k\000\040\000F\000a\000m\000i\000l\000y}{section.8}% 5
\BOOKMARK [2][-]{subsection.14}{\376\377\000C\000a\000n\000o\000n\000i\000c\000a\000l\000\040\000N\000o\000r\000m\000a\000l\000i\000z\000a\000t\000i\000o\000n}{section.8}% 6
\BOOKMARK [2][-]{subsection.28}{\376\377\000O\000p\000e\000r\000a\000t\000o\000r\000\040\000S\000e\000t\000u\000p\000\040\000a\000n\000d\000\040\000A\000s\000s\000u\000m\000p\000t\000i\000o\000n\000s}{section.8}% 7
\BOOKMARK [1][-]{section.35}{\376\377\000I\000n\000v\000e\000r\000s\000e\000-\000F\000r\000e\000e\000\040\000S\000c\000h\000u\000r\000\040\000C\000o\000m\000p\000l\000e\000m\000e\000n\000t\000a\000t\000i\000o\000n\000\040\000i\000n\000\040\000H\000i\000l\000b\000e\000r\000t\000\040\000S\000p\000a\000c\000e}{}% 8
\BOOKMARK [2][-]{subsection.36}{\376\377\000V\000a\000r\000i\000a\000t\000i\000o\000n\000a\000l\000\040\000S\000h\000o\000r\000t\000i\000n\000g\000\040\000a\000n\000d\000\040\000E\000n\000e\000r\000g\000y\000\040\000B\000o\000u\000n\000d\000s}{section.35}% 9
\BOOKMARK [2][-]{subsection.43}{\376\377\000S\000h\000o\000r\000t\000e\000d\000\040\000S\000c\000h\000u\000r\000\040\000R\000e\000s\000i\000d\000u\000a\000l\000\040\000S\000c\000a\000l\000i\000n\000g}{section.35}% 10
\BOOKMARK [2][-]{subsection.48}{\376\377\000G\000a\000l\000e\000r\000k\000i\000n\000\040\000C\000o\000v\000a\000r\000i\000a\000n\000c\000e\000s\000\040\000a\000n\000d\000\040\000R\000a\000y\000l\000e\000i\000g\000h\040\023\000R\000i\000t\000z\000\040\000S\000h\000o\000r\000t\000i\000n\000g}{section.35}% 11
\BOOKMARK [2][-]{subsection.58}{\376\377\000S\000p\000e\000c\000t\000r\000a\000l\000\040\000O\000b\000s\000t\000r\000u\000c\000t\000i\000o\000n\000\040\000t\000o\000\040\000A\000m\000b\000i\000e\000n\000t\000\040\000S\000c\000h\000u\000r\000\040\000I\000n\000v\000e\000r\000s\000i\000o\000n\000\040\000i\000n\000\040\000t\000h\000e\000\040\000G\000F\000F\000\040\000R\000e\000g\000i\000m\000e}{section.35}% 12
\BOOKMARK [1][-]{section.67}{\376\377\000F\000r\000e\000d\000h\000o\000l\000m\000\040\000T\000r\000a\000c\000e\000\040\000A\000n\000o\000m\000a\000l\000i\000e\000s\000\040\000a\000n\000d\000\040\000G\000a\000u\000s\000s\000i\000a\000n\000\040\000F\000i\000n\000i\000t\000e\000\040\000P\000a\000r\000t\000s}{}% 13
\BOOKMARK [2][-]{subsection.68}{\376\377\000R\000a\000d\000o\000n\000\040\000G\000a\000u\000s\000s\000i\000a\000n\000\040\000A\000p\000p\000l\000i\000c\000a\000t\000i\000o\000n\000\040\000a\000n\000d\000\040\000D\000i\000s\000i\000n\000t\000e\000g\000r\000a\000t\000i\000o\000n}{section.67}% 14
\BOOKMARK [2][-]{subsection.73}{\376\377\000M\000e\000a\000s\000u\000r\000a\000b\000l\000e\000\040\000C\000a\000m\000e\000r\000o\000n\040\023\000M\000a\000r\000t\000i\000n\000\040\000E\000n\000e\000r\000g\000y\000\040\000P\000r\000o\000j\000e\000c\000t\000i\000o\000n}{section.67}% 15
\BOOKMARK [2][-]{subsection.80}{\376\377\000G\000a\000u\000s\000s\000i\000a\000n\000\040\000F\000r\000e\000d\000h\000o\000l\000m\000\040\000F\000i\000n\000i\000t\000e\000-\000P\000a\000r\000t\000\040\000F\000u\000n\000c\000t\000i\000o\000n\000a\000l}{section.67}% 16
\BOOKMARK [2][-]{subsection.87}{\376\377\000G\000a\000u\000s\000s\000i\000a\000n\000\040\000M\000a\000i\000n\000\040\000T\000h\000e\000o\000r\000e\000m}{section.67}% 17
\BOOKMARK [1][-]{section.93}{\376\377\000E\000l\000l\000i\000p\000t\000i\000c\000\040\000G\000a\000u\000s\000s\000i\000a\000n\000\040\000F\000i\000e\000l\000d\000\040\000E\000x\000a\000m\000p\000l\000e}{}% 18
\BOOKMARK [2][-]{subsection.94}{\376\377\000E\000l\000l\000i\000p\000t\000i\000c\000\040\000G\000a\000u\000s\000s\000i\000a\000n\000\040\000f\000i\000e\000l\000d\000\040\000o\000n\000\040\000[\0000\000,\0001\000]}{section.93}% 19
\BOOKMARK [2][-]{subsection.95}{\376\377\000C\000a\000m\000e\000r\000o\000n\040\023\000M\000a\000r\000t\000i\000n\000\040\000r\000a\000n\000g\000e\000\040\000a\000n\000d\000\040\000c\000o\000v\000a\000r\000i\000a\000n\000c\000e\000\040\000e\000n\000e\000r\000g\000y}{section.93}% 20
\BOOKMARK [2][-]{subsection.96}{\376\377\000S\000p\000e\000c\000t\000r\000a\000l\000\040\000s\000e\000n\000s\000o\000r\000\040\000c\000o\000n\000d\000i\000t\000i\000o\000n\000i\000n\000g}{section.93}% 21
\BOOKMARK [1][-]{section.97}{\376\377\000C\000o\000n\000c\000l\000u\000s\000i\000o\000n}{}% 22
\BOOKMARK [1][-]{appendix.100}{\376\377\000B\000l\000o\000c\000k\000\040\000L\000y\000a\000p\000u\000n\000o\000v\000\040\000I\000d\000e\000n\000t\000i\000t\000i\000e\000s\000\040\000f\000o\000r\000\040\000t\000h\000e\000\040\000C\000a\000l\000i\000b\000r\000a\000t\000e\000d\000\040\000C\000l\000a\000m\000p}{}% 23
\BOOKMARK [2][-]{subsection.101}{\376\377\000B\000l\000o\000c\000k\000\040\000i\000d\000e\000n\000t\000i\000t\000i\000e\000s\000\040\000a\000n\000d\000\040\000s\000t\000a\000t\000i\000o\000n\000a\000r\000y\000\040\000c\000o\000n\000v\000o\000l\000u\000t\000i\000o\000n\000s}{appendix.100}% 24
\BOOKMARK [2][-]{subsection.113}{\376\377\000C\000a\000m\000e\000r\000o\000n\040\023\000M\000a\000r\000t\000i\000n\000\040\000e\000n\000e\000r\000g\000y}{appendix.100}% 25
\BOOKMARK [1][-]{appendix.122}{\376\377\000A\000n\000d\000e\000r\000s\000o\000n\040\023\000T\000r\000a\000p\000p\000\040\000S\000h\000o\000r\000t\000i\000n\000g\000\040\000a\000n\000d\000\040\000t\000h\000e\000\040\000R\000a\000n\000k\000-\000O\000n\000e\000\040\000R\000e\000s\000i\000d\000u\000a\000l}{}% 26
\BOOKMARK [1][-]{appendix.132}{\376\377\000G\000a\000l\000e\000r\000k\000i\000n\000\040\000A\000p\000p\000r\000o\000x\000i\000m\000a\000t\000i\000o\000n\000\040\000a\000n\000d\000\040\000t\000h\000e\000\040\000F\000a\000i\000l\000u\000r\000e\000\040\000o\000f\000\040\000D\000i\000r\000e\000c\000t\000\040\000I\000n\000v\000e\000r\000s\000i\000o\000n}{}% 27
\BOOKMARK [1][-]{appendix.142}{\376\377\000G\000a\000u\000s\000s\000i\000a\000n\000\040\000R\000a\000d\000o\000n\000\040\000C\000o\000n\000d\000i\000t\000i\000o\000n\000i\000n\000g\000\040\000a\000n\000d\000\040\000t\000h\000e\000\040\000F\000r\000e\000d\000h\000o\000l\000m\000\040\000F\000i\000n\000i\000t\000e\000\040\000P\000a\000r\000t}{}% 28
\BOOKMARK [2][-]{subsection.143}{\376\377\000P\000o\000i\000n\000t\000w\000i\000s\000e\000\040\000d\000i\000s\000i\000n\000t\000e\000g\000r\000a\000t\000i\000o\000n}{appendix.142}% 29
\BOOKMARK [2][-]{subsection.147}{\376\377\000G\000a\000u\000s\000s\000i\000a\000n\000\040\000e\000n\000e\000r\000g\000y\000\040\000p\000r\000o\000j\000e\000c\000t\000i\000o\000n\000\040\000a\000n\000d\000\040\000e\000n\000t\000r\000o\000p\000y}{appendix.142}% 30
\BOOKMARK [2][-]{subsection.153}{\376\377\000M\000o\000l\000l\000i\000f\000i\000e\000d\000\040\000d\000i\000v\000e\000r\000g\000e\000n\000c\000e\000\040\000a\000n\000d\000\040\000f\000i\000n\000i\000t\000e\000\040\000p\000a\000r\000t}{appendix.142}% 31
\BOOKMARK [1][-]{appendix.161}{\376\377\000A\000d\000m\000i\000s\000s\000i\000b\000i\000l\000i\000t\000y\000\040\000B\000o\000u\000n\000d\000a\000r\000y\000\040\000a\000n\000d\000\040\000E\000l\000l\000i\000p\000t\000i\000c\000\040\000B\000e\000n\000c\000h\000m\000a\000r\000k}{}% 32
