\BOOKMARK [1][-]{section.1}{\376\377\0001\000.\000\040\000I\000n\000t\000r\000o\000d\000u\000c\000t\000i\000o\000n}{}% 1
\BOOKMARK [2][-]{subsection.6}{\376\377\0001\000.\0001\000.\000\040\000P\000o\000s\000i\000t\000i\000o\000n\000i\000n\000g\000\040\000i\000n\000\040\000t\000h\000e\000\040\000l\000i\000t\000e\000r\000a\000t\000u\000r\000e}{section.1}% 2
\BOOKMARK [2][-]{subsection.7}{\376\377\0001\000.\0002\000.\000\040\000O\000r\000g\000a\000n\000i\000z\000a\000t\000i\000o\000n\000\040\000o\000f\000\040\000t\000h\000e\000\040\000p\000a\000p\000e\000r}{section.1}% 3
\BOOKMARK [1][-]{section.8}{\376\377\0002\000.\000\040\000O\000p\000e\000r\000a\000t\000o\000r\000\040\000M\000o\000d\000e\000l\000\040\000a\000n\000d\000\040\000C\000a\000n\000o\000n\000i\000c\000a\000l\000\040\000N\000o\000r\000m\000a\000l\000i\000z\000a\000t\000i\000o\000n}{}% 4
\BOOKMARK [2][-]{subsection.9}{\376\377\0002\000.\0001\000.\000\040\000O\000p\000e\000r\000a\000t\000o\000r\000\040\000D\000y\000n\000a\000m\000i\000c\000s\000\040\000a\000n\000d\000\040\000R\000e\000g\000u\000l\000a\000r\000i\000z\000e\000d\000\040\000C\000o\000n\000d\000i\000t\000i\000o\000n\000i\000n\000g}{section.8}% 5
\BOOKMARK [2][-]{subsection.14}{\376\377\0002\000.\0002\000.\000\040\000C\000a\000n\000o\000n\000i\000c\000a\000l\000\040\000N\000o\000r\000m\000a\000l\000i\000z\000a\000t\000i\000o\000n}{section.8}% 6
\BOOKMARK [2][-]{subsection.28}{\376\377\0002\000.\0003\000.\000\040\000O\000p\000e\000r\000a\000t\000o\000r\000\040\000S\000e\000t\000u\000p\000\040\000a\000n\000d\000\040\000A\000s\000s\000u\000m\000p\000t\000i\000o\000n\000s}{section.8}% 7
\BOOKMARK [1][-]{section.37}{\376\377\0003\000.\000\040\000I\000n\000v\000e\000r\000s\000e\000-\000F\000r\000e\000e\000\040\000S\000c\000h\000u\000r\000\040\000C\000o\000m\000p\000l\000e\000m\000e\000n\000t\000a\000t\000i\000o\000n\000\040\000i\000n\000\040\000H\000i\000l\000b\000e\000r\000t\000\040\000S\000p\000a\000c\000e}{}% 8
\BOOKMARK [2][-]{subsection.38}{\376\377\0003\000.\0001\000.\000\040\000V\000a\000r\000i\000a\000t\000i\000o\000n\000a\000l\000\040\000S\000h\000o\000r\000t\000i\000n\000g\000\040\000a\000n\000d\000\040\000E\000n\000e\000r\000g\000y\000\040\000B\000o\000u\000n\000d\000s}{section.37}% 9
\BOOKMARK [2][-]{subsection.45}{\376\377\0003\000.\0002\000.\000\040\000S\000h\000o\000r\000t\000e\000d\000\040\000S\000c\000h\000u\000r\000\040\000R\000e\000s\000i\000d\000u\000a\000l\000\040\000S\000c\000a\000l\000i\000n\000g}{section.37}% 10
\BOOKMARK [2][-]{subsection.50}{\376\377\0003\000.\0003\000.\000\040\000C\000o\000n\000v\000e\000r\000g\000e\000n\000c\000e\000\040\000o\000f\000\040\000F\000i\000n\000i\000t\000e\000-\000D\000i\000m\000e\000n\000s\000i\000o\000n\000a\000l\000\040\000T\000r\000u\000n\000c\000a\000t\000i\000o\000n\000s}{section.37}% 11
\BOOKMARK [1][-]{section.55}{\376\377\0004\000.\000\040\000F\000r\000e\000d\000h\000o\000l\000m\000\040\000T\000r\000a\000c\000e\000\040\000A\000n\000o\000m\000a\000l\000i\000e\000s\000\040\000a\000n\000d\000\040\000G\000a\000u\000s\000s\000i\000a\000n\000\040\000F\000i\000n\000i\000t\000e\000\040\000P\000a\000r\000t\000s}{}% 12
\BOOKMARK [2][-]{subsection.56}{\376\377\0004\000.\0001\000.\000\040\000R\000a\000d\000o\000n\000\040\000G\000a\000u\000s\000s\000i\000a\000n\000\040\000A\000p\000p\000l\000i\000c\000a\000t\000i\000o\000n\000\040\000a\000n\000d\000\040\000D\000i\000s\000i\000n\000t\000e\000g\000r\000a\000t\000i\000o\000n}{section.55}% 13
\BOOKMARK [2][-]{subsection.61}{\376\377\0004\000.\0002\000.\000\040\000M\000e\000a\000s\000u\000r\000a\000b\000l\000e\000\040\000C\000a\000m\000e\000r\000o\000n\040\023\000M\000a\000r\000t\000i\000n\000\040\000E\000n\000e\000r\000g\000y\000\040\000P\000r\000o\000j\000e\000c\000t\000i\000o\000n}{section.55}% 14
\BOOKMARK [2][-]{subsection.64}{\376\377\0004\000.\0003\000.\000\040\000G\000a\000u\000s\000s\000i\000a\000n\000\040\000F\000r\000e\000d\000h\000o\000l\000m\000\040\000F\000i\000n\000i\000t\000e\000-\000P\000a\000r\000t\000\040\000F\000u\000n\000c\000t\000i\000o\000n\000a\000l}{section.55}% 15
\BOOKMARK [2][-]{subsection.69}{\376\377\0004\000.\0004\000.\000\040\000G\000a\000u\000s\000s\000i\000a\000n\000\040\000M\000a\000i\000n\000\040\000T\000h\000e\000o\000r\000e\000m}{section.55}% 16
\BOOKMARK [1][-]{section.75}{\376\377\0005\000.\000\040\000E\000l\000l\000i\000p\000t\000i\000c\000\040\000G\000a\000u\000s\000s\000i\000a\000n\000\040\000F\000i\000e\000l\000d\000\040\000E\000x\000a\000m\000p\000l\000e}{}% 17
\BOOKMARK [2][-]{subsection.76}{\376\377\0005\000.\0001\000.\000\040\000E\000l\000l\000i\000p\000t\000i\000c\000\040\000G\000a\000u\000s\000s\000i\000a\000n\000\040\000f\000i\000e\000l\000d\000\040\000o\000n\000\040\000[\0000\000,\0001\000]}{section.75}% 18
\BOOKMARK [2][-]{subsection.77}{\376\377\0005\000.\0002\000.\000\040\000C\000a\000m\000e\000r\000o\000n\040\023\000M\000a\000r\000t\000i\000n\000\040\000r\000a\000n\000g\000e\000\040\000a\000n\000d\000\040\000c\000o\000v\000a\000r\000i\000a\000n\000c\000e\000\040\000e\000n\000e\000r\000g\000y}{section.75}% 19
\BOOKMARK [2][-]{subsection.78}{\376\377\0005\000.\0003\000.\000\040\000S\000p\000e\000c\000t\000r\000a\000l\000\040\000s\000e\000n\000s\000o\000r\000\040\000c\000o\000n\000d\000i\000t\000i\000o\000n\000i\000n\000g}{section.75}% 20
\BOOKMARK [1][-]{section.79}{\376\377\0006\000.\000\040\000F\000i\000n\000i\000t\000e\000-\000R\000a\000n\000k\000\040\000S\000h\000o\000r\000t\000i\000n\000g\000\040\000a\000n\000d\000\040\000E\000x\000a\000c\000t\000\040\000F\000r\000e\000d\000h\000o\000l\000m\000\040\000T\000r\000a\000c\000e\000\040\000C\000a\000n\000c\000e\000l\000l\000a\000t\000i\000o\000n}{}% 21
\BOOKMARK [2][-]{subsection.80}{\376\377\0006\000.\0001\000.\000\040\000M\000a\000t\000r\000i\000x\000\040\000a\000l\000g\000e\000b\000r\000a\000i\000c\000\040\000e\000x\000t\000e\000n\000s\000i\000o\000n}{section.79}% 22
\BOOKMARK [2][-]{subsection.84}{\376\377\0006\000.\0002\000.\000\040\000I\000n\000v\000e\000r\000s\000e\000-\000F\000r\000e\000e\000\040\000O\000p\000e\000r\000a\000t\000o\000r\000\040\000R\000e\000s\000i\000d\000u\000a\000l\000s\000\040\000a\000n\000d\000\040\000V\000a\000r\000i\000a\000t\000i\000o\000n\000a\000l\000\040\000L\000o\000e\000w\000n\000e\000r\000\040\000M\000o\000n\000o\000t\000o\000n\000i\000c\000i\000t\000y}{section.79}% 23
\BOOKMARK [2][-]{subsection.89}{\376\377\0006\000.\0003\000.\000\040\000G\000e\000n\000e\000r\000a\000l\000\040\000o\000b\000s\000e\000r\000v\000a\000t\000i\000o\000n\000\040\000o\000p\000e\000r\000a\000t\000o\000r\000s\000\040\000a\000n\000d\000\040\000m\000i\000s\000a\000l\000i\000g\000n\000m\000e\000n\000t}{section.79}% 24
\BOOKMARK [2][-]{subsection.92}{\376\377\0006\000.\0004\000.\000\040\000M\000u\000l\000t\000i\000d\000i\000m\000e\000n\000s\000i\000o\000n\000a\000l\000\040\000F\000r\000e\000d\000h\000o\000l\000m\000\040\000T\000r\000a\000c\000e\000-\000A\000n\000o\000m\000a\000l\000y\000\040\000C\000a\000n\000c\000e\000l\000l\000a\000t\000i\000o\000n}{section.79}% 25
\BOOKMARK [2][-]{subsection.101}{\376\377\0006\000.\0005\000.\000\040\000N\000o\000n\000-\000G\000a\000u\000s\000s\000i\000a\000n\000\040\000a\000n\000d\000\040\000d\000y\000n\000a\000m\000i\000c\000a\000l\000\040\000e\000x\000t\000e\000n\000s\000i\000o\000n\000s}{section.79}% 26
\BOOKMARK [1][-]{section.102}{\376\377\0007\000.\000\040\000C\000o\000n\000c\000l\000u\000s\000i\000o\000n}{}% 27
\BOOKMARK [1][-]{section*.103}{\376\377\000D\000e\000c\000l\000a\000r\000a\000t\000i\000o\000n\000\040\000o\000f\000\040\000G\000e\000n\000e\000r\000a\000t\000i\000v\000e\000\040\000A\000I\000\040\000a\000n\000d\000\040\000A\000I\000-\000A\000s\000s\000i\000s\000t\000e\000d\000\040\000T\000e\000c\000h\000n\000o\000l\000o\000g\000i\000e\000s\000\040\000i\000n\000\040\000t\000h\000e\000\040\000M\000a\000n\000u\000s\000c\000r\000i\000p\000t\000\040\000P\000r\000e\000p\000a\000r\000a\000t\000i\000o\000n\000\040\000P\000r\000o\000c\000e\000s\000s}{}% 28
\BOOKMARK [1][-]{section*.104}{\376\377\000R\000e\000f\000e\000r\000e\000n\000c\000e\000s}{}% 29
\BOOKMARK [1][-]{appendix.105}{\376\377\000A\000p\000p\000e\000n\000d\000i\000x\000\040\000A\000.\000\040\000E\000x\000a\000c\000t\000\040\000B\000l\000o\000c\000k\000\040\000a\000n\000d\000\040\000V\000a\000r\000i\000a\000t\000i\000o\000n\000a\000l\000\040\000S\000h\000o\000r\000t\000i\000n\000g\000\040\000A\000n\000a\000l\000y\000s\000i\000s}{}% 30
\BOOKMARK [2][-]{subsection.106}{\376\377\000A\000.\0001\000.\000\040\000E\000x\000a\000c\000t\000\040\000T\000a\000r\000g\000e\000t\000\040\000C\000o\000v\000a\000r\000i\000a\000n\000c\000e\000\040\000B\000l\000o\000c\000k}{appendix.105}% 31
\BOOKMARK [2][-]{subsection.109}{\376\377\000A\000.\0002\000.\000\040\000E\000x\000a\000c\000t\000\040\000C\000r\000o\000s\000s\000-\000C\000o\000v\000a\000r\000i\000a\000n\000c\000e\000\040\000R\000e\000s\000o\000l\000v\000e\000n\000t\000\040\000F\000o\000r\000m\000u\000l\000a}{appendix.105}% 32
\BOOKMARK [2][-]{subsection.112}{\376\377\000A\000.\0003\000.\000\040\000C\000a\000m\000e\000r\000o\000n\040\023\000M\000a\000r\000t\000i\000n\000\040\000E\000n\000e\000r\000g\000y\000\040\000B\000o\000u\000n\000d}{appendix.105}% 33
\BOOKMARK [2][-]{subsection.115}{\376\377\000A\000.\0004\000.\000\040\000V\000a\000r\000i\000a\000t\000i\000o\000n\000a\000l\000\040\000S\000h\000o\000r\000t\000e\000d\000\040\000R\000e\000s\000i\000d\000u\000a\000l\000\040\000P\000r\000o\000o\000f}{appendix.105}% 34
\BOOKMARK [2][-]{subsection.120}{\376\377\000A\000.\0005\000.\000\040\000G\000a\000l\000e\000r\000k\000i\000n\000\040\000V\000a\000r\000i\000a\000t\000i\000o\000n\000a\000l\000\040\000T\000r\000u\000n\000c\000a\000t\000i\000o\000n\000\040\000C\000o\000n\000v\000e\000r\000g\000e\000n\000c\000e}{appendix.105}% 35
\BOOKMARK [1][-]{appendix.151}{\376\377\000A\000p\000p\000e\000n\000d\000i\000x\000\040\000B\000.\000\040\000G\000a\000u\000s\000s\000i\000a\000n\000\040\000F\000r\000e\000d\000h\000o\000l\000m\000\040\000F\000i\000n\000i\000t\000e\000-\000P\000a\000r\000t\000\040\000A\000n\000a\000l\000y\000s\000i\000s}{}% 36
\BOOKMARK [2][-]{subsection.152}{\376\377\000B\000.\0001\000.\000\040\000R\000a\000d\000o\000n\000\040\000G\000a\000u\000s\000s\000i\000a\000n\000\040\000S\000e\000t\000u\000p\000\040\000a\000n\000d\000\040\000P\000o\000i\000n\000t\000w\000i\000s\000e\000\040\000D\000i\000s\000i\000n\000t\000e\000g\000r\000a\000t\000i\000o\000n}{appendix.151}% 37
\BOOKMARK [2][-]{subsection.157}{\376\377\000B\000.\0002\000.\000\040\000M\000e\000a\000s\000u\000r\000a\000b\000l\000e\000\040\000C\000a\000m\000e\000r\000o\000n\040\023\000M\000a\000r\000t\000i\000n\000\040\000E\000n\000e\000r\000g\000y\000\040\000P\000r\000o\000j\000e\000c\000t\000i\000o\000n}{appendix.151}% 38
\BOOKMARK [2][-]{subsection.162}{\376\377\000B\000.\0003\000.\000\040\000B\000u\000l\000k\000\040\000F\000r\000e\000d\000h\000o\000l\000m\000\040\000T\000r\000a\000c\000e\000-\000A\000n\000o\000m\000a\000l\000y\000\040\000E\000s\000t\000i\000m\000a\000t\000e}{appendix.151}% 39
\BOOKMARK [2][-]{subsection.166}{\376\377\000B\000.\0004\000.\000\040\000M\000o\000l\000l\000i\000f\000i\000e\000d\000\040\000D\000i\000v\000e\000r\000g\000e\000n\000c\000e\000\040\000a\000n\000d\000\040\000F\000r\000e\000d\000h\000o\000l\000m\000\040\000F\000i\000n\000i\000t\000e\000-\000P\000a\000r\000t\000\040\000P\000r\000o\000o\000f}{appendix.151}% 40
\BOOKMARK [2][-]{subsection.175}{\376\377\000B\000.\0005\000.\000\040\000E\000x\000a\000c\000t\000\040\000D\000e\000c\000o\000u\000p\000l\000e\000d\000-\000C\000e\000n\000t\000e\000r\000e\000d\000\040\000C\000o\000n\000s\000e\000q\000u\000e\000n\000c\000e}{appendix.151}% 41
\BOOKMARK [1][-]{appendix.176}{\376\377\000A\000p\000p\000e\000n\000d\000i\000x\000\040\000C\000.\000\040\000N\000u\000m\000e\000r\000i\000c\000a\000l\000\040\000D\000i\000a\000g\000n\000o\000s\000t\000i\000c\000s\000\040\000f\000o\000r\000\040\000B\000l\000o\000c\000k\000\040\000S\000h\000o\000r\000t\000i\000n\000g\000\040\000a\000n\000d\000\040\000G\000a\000l\000e\000r\000k\000i\000n\000\040\000V\000e\000r\000i\000f\000i\000c\000a\000t\000i\000o\000n}{}% 42
\BOOKMARK [2][-]{subsection.177}{\376\377\000C\000.\0001\000.\000\040\000G\000a\000l\000e\000r\000k\000i\000n\000\040\000V\000e\000r\000i\000f\000i\000c\000a\000t\000i\000o\000n\000\040\000a\000n\000d\000\040\000I\000l\000l\000-\000C\000o\000n\000d\000i\000t\000i\000o\000n\000i\000n\000g\000\040\000\050\000R\000e\000m\000a\000r\000k\000\040\0006\000.\0001\000\051}{appendix.176}% 43
\BOOKMARK [2][-]{subsection.180}{\376\377\000C\000.\0002\000.\000\040\000C\000a\000n\000o\000n\000i\000c\000a\000l\000\040\000S\000c\000a\000l\000i\000n\000g\000\040\000D\000i\000a\000g\000n\000o\000s\000t\000i\000c\000\040\000a\000n\000d\000\040\000T\000r\000a\000c\000e\000\040\000A\000n\000o\000m\000a\000l\000y\000\040\000\050\000R\000e\000m\000a\000r\000k\000\040\0006\000.\0003\000\051}{appendix.176}% 44
\BOOKMARK [2][-]{subsection.187}{\376\377\000C\000.\0003\000.\000\040\000F\000r\000e\000d\000h\000o\000l\000m\000\040\000F\000i\000n\000i\000t\000e\000-\000P\000a\000r\000t\000\040\000F\000u\000n\000c\000t\000i\000o\000n\000a\000l\000\040\000i\000n\000\040\000a\000\040\000T\000h\000r\000e\000e\000-\000N\000o\000d\000e\000\040\000C\000h\000a\000i\000n}{appendix.176}% 45
\BOOKMARK [2][-]{subsection.194}{\376\377\000C\000.\0004\000.\000\040\000F\000a\000i\000l\000u\000r\000e\000\040\000o\000f\000\040\000C\000a\000m\000e\000r\000o\000n\040\023\000M\000a\000r\000t\000i\000n\000\040\000A\000d\000m\000i\000s\000s\000i\000b\000i\000l\000i\000t\000y\000\040\000\050\000R\000e\000m\000a\000r\000k\000\040\0004\000.\0001\000\051}{appendix.176}% 46
\BOOKMARK [2][-]{subsection.195}{\376\377\000C\000.\0005\000.\000\040\000N\000u\000m\000e\000r\000i\000c\000a\000l\000\040\000P\000r\000e\000c\000i\000s\000i\000o\000n\000\040\000A\000u\000d\000i\000t}{appendix.176}% 47
